2024-10-21 07:20:53 info: GET /articles
2024-10-21 07:20:54 info: GET /articles
2024-10-21 08:02:40 info: GET /articles
2024-10-21 08:02:40 info: GET /articles
2024-10-21 08:58:57 info: GET /articles
2024-10-21 08:58:57 info: GET /articles
2024-10-21 09:06:21 info: GET /articles
2024-10-21 09:06:21 info: GET /articles
2024-10-21 12:33:25 info: GET /articles
2024-10-21 12:33:25 info: GET /articles
2024-10-21 13:08:43 info: GET /articles
2024-10-21 13:08:43 info: GET /articles
2024-10-21 13:09:17 info: GET /articles
2024-10-21 13:09:18 info: GET /articles
2024-10-21 13:30:26 info: GET /articles
2024-10-21 13:30:26 info: GET /articles
2024-10-21 13:32:05 info: PUT /editprofile
2024-10-21 13:32:25 info: POST /writearticle
2024-10-21 13:32:30 info: GET /articles
2024-10-21 13:32:30 info: GET /articles
2024-10-21 13:37:30 info: GET /articles
2024-10-21 13:37:30 info: GET /articles
2024-10-21 14:57:19 info: POST /prefferedarticle
2024-10-21 14:57:19 info: POST /prefferedarticle
2024-10-21 14:57:36 info: POST /prefferedarticle
2024-10-21 14:57:38 info: POST /prefferedarticle
2024-10-21 14:57:39 info: POST /prefferedarticle
2024-10-21 14:57:40 info: POST /prefferedarticle
2024-10-21 14:57:46 info: POST /prefferedarticle
2024-10-21 14:57:50 info: POST /prefferedarticle
2024-10-21 15:01:27 info: POST /prefferedarticle
2024-10-21 15:01:27 info: POST /prefferedarticle
2024-10-21 15:02:55 info: POST /prefferedarticle
2024-10-21 15:02:55 info: POST /prefferedarticle
2024-10-21 15:03:07 info: POST /prefferedarticle
2024-10-21 15:03:10 info: POST /prefferedarticle
2024-10-21 15:03:12 info: POST /prefferedarticle
2024-10-21 15:03:13 info: POST /prefferedarticle
2024-10-21 15:03:51 info: POST /prefferedarticle
2024-10-21 15:03:51 info: POST /prefferedarticle
2024-10-21 15:05:17 info: GET /articles
2024-10-21 15:05:17 info: GET /articles
2024-10-21 15:05:24 info: PUT /editprofile
2024-10-21 15:05:57 info: GET /articles
2024-10-21 15:05:57 info: GET /articles
2024-10-21 15:09:04 info: POST /prefferedarticle
2024-10-21 15:09:04 info: POST /prefferedarticle
2024-10-21 15:09:28 info: POST /prefferedarticle
2024-10-21 15:09:31 info: POST /prefferedarticle
2024-10-21 15:09:32 info: POST /prefferedarticle
2024-10-21 15:09:34 info: POST /prefferedarticle
2024-10-21 15:09:35 info: POST /prefferedarticle
2024-10-21 15:09:37 info: POST /prefferedarticle
2024-10-21 15:09:43 info: POST /prefferedarticle
2024-10-21 15:09:44 info: POST /prefferedarticle
2024-10-21 15:09:47 info: POST /prefferedarticle
2024-10-21 15:09:49 info: POST /prefferedarticle
2024-10-21 15:09:49 info: POST /prefferedarticle
2024-10-21 15:09:50 info: POST /prefferedarticle
2024-10-21 15:09:50 info: POST /prefferedarticle
2024-10-21 15:09:51 info: POST /prefferedarticle
2024-10-21 15:09:51 info: POST /prefferedarticle
2024-10-21 15:09:52 info: POST /prefferedarticle
2024-10-21 15:09:53 info: POST /prefferedarticle
2024-10-21 15:12:17 info: POST /prefferedarticle
2024-10-21 15:12:17 info: POST /prefferedarticle
2024-10-21 15:12:46 info: POST /prefferedarticle
2024-10-21 15:12:52 info: POST /prefferedarticle
2024-10-21 15:12:54 info: POST /prefferedarticle
2024-10-21 15:13:01 info: POST /prefferedarticle
2024-10-21 15:13:04 info: POST /prefferedarticle
2024-10-21 15:13:05 info: POST /prefferedarticle
2024-10-21 15:13:06 info: POST /prefferedarticle
2024-10-21 15:15:55 info: POST /prefferedarticle
2024-10-21 15:15:55 info: POST /prefferedarticle
2024-10-21 15:17:01 info: POST /prefferedarticle
2024-10-21 15:17:02 info: POST /prefferedarticle
2024-10-21 15:17:03 info: POST /prefferedarticle
2024-10-21 15:17:04 info: POST /prefferedarticle
2024-10-21 15:17:05 info: POST /prefferedarticle
2024-10-21 15:17:23 info: POST /prefferedarticle
2024-10-21 15:17:25 info: POST /prefferedarticle
2024-10-21 15:17:36 info: POST /prefferedarticle
2024-10-21 15:17:38 info: POST /prefferedarticle
2024-10-21 15:17:39 info: POST /prefferedarticle
2024-10-21 15:17:48 info: POST /prefferedarticle
2024-10-21 15:18:01 info: POST /prefferedarticle
2024-10-21 15:18:01 info: POST /prefferedarticle
2024-10-21 15:18:25 info: POST /prefferedarticle
2024-10-21 15:18:25 info: POST /prefferedarticle
2024-10-21 15:18:28 info: POST /prefferedarticle
2024-10-21 15:18:29 info: GET /uploads/$%7Barticle.image%7D
2024-10-21 15:18:35 info: POST /prefferedarticle
2024-10-21 15:18:35 info: POST /prefferedarticle
2024-10-21 15:18:42 info: POST /prefferedarticle
2024-10-21 15:18:42 info: POST /prefferedarticle
2024-10-21 15:18:46 info: POST /prefferedarticle
2024-10-21 15:18:46 info: POST /prefferedarticle
2024-10-21 15:21:24 info: POST /prefferedarticle
2024-10-21 15:21:37 info: POST /prefferedarticle
2024-10-21 15:21:44 info: GET /uploads/1729362721114-mernn.jpg
2024-10-21 15:21:46 info: POST /prefferedarticle
2024-10-21 15:21:46 info: POST /prefferedarticle
2024-10-21 15:21:46 info: GET /uploads/1729362721114-mernn.jpg
2024-10-21 15:23:20 info: POST /prefferedarticle
2024-10-21 15:23:20 info: POST /prefferedarticle
2024-10-21 15:23:21 info: GET /uploads/1729362721114-mernn.jpg
2024-10-21 15:23:33 info: POST /prefferedarticle
2024-10-21 15:23:33 info: POST /prefferedarticle
2024-10-21 15:23:41 info: POST /prefferedarticle
2024-10-21 15:23:41 info: POST /prefferedarticle
2024-10-21 15:25:19 info: POST /prefferedarticle
2024-10-21 15:25:28 info: POST /prefferedarticle
2024-10-21 15:25:28 info: POST /prefferedarticle
2024-10-21 15:27:48 info: POST /prefferedarticle
2024-10-21 15:27:48 info: POST /prefferedarticle
2024-10-21 15:27:58 info: POST /prefferedarticle
2024-10-21 15:27:58 info: POST /prefferedarticle
2024-10-21 15:27:58 info: GET /uploads/1729362721114-mernn.jpg
2024-10-21 15:29:44 info: GET /uploads/1729362721114-mernn.jpg
2024-10-21 15:30:23 info: GET /uploads/1729362721114-mernn.jpg
2024-10-21 15:30:24 info: GET /uploads/1729362721114-mernn.jpg
2024-10-21 15:30:26 info: GET /uploads/1729362721114-mernn.jpg
2024-10-21 15:30:33 info: GET /uploads/1729362721114-mernn.jpg
2024-10-21 15:30:34 info: GET /uploads/1729362721114-mernn.jpg
2024-10-21 15:30:41 info: GET /uploads/1729362721114-mernn.jpg
2024-10-21 15:30:46 info: GET /uploads/1729362721114-mernn.jpg
2024-10-21 15:30:51 info: GET /uploads/1729362721114-mernn.jpg
2024-10-21 15:30:58 info: GET /uploads/1729362721114-mernn.jpg
2024-10-21 15:30:59 info: GET /uploads/1729362721114-mernn.jpg
2024-10-21 15:31:01 info: GET /uploads/1729362721114-mernn.jpg
2024-10-21 15:31:32 info: GET /uploads/1729362721114-mernn.jpg
2024-10-21 15:31:40 info: GET /uploads/1729362721114-mernn.jpg
2024-10-21 15:31:42 info: GET /uploads/1729362721114-mernn.jpg
2024-10-21 15:31:44 info: GET /uploads/1729362721114-mernn.jpg
2024-10-21 15:31:47 info: GET /uploads/1729362721114-mernn.jpg
2024-10-21 15:31:53 info: GET /uploads/1729362721114-mernn.jpg
2024-10-21 15:31:54 info: GET /uploads/1729362721114-mernn.jpg
2024-10-21 15:31:56 info: GET /uploads/1729362721114-mernn.jpg
2024-10-21 15:31:58 info: GET /uploads/1729362721114-mernn.jpg
2024-10-21 15:32:28 info: GET /uploads/1729362721114-mernn.jpg
2024-10-21 15:32:33 info: GET /uploads/1729362721114-mernn.jpg
2024-10-21 15:32:46 info: GET /uploads/1729362721114-mernn.jpg
2024-10-21 15:32:50 info: GET /uploads/1729362721114-mernn.jpg
2024-10-21 15:33:00 info: GET /uploads/1729362721114-mernn.jpg
2024-10-21 15:33:01 info: GET /uploads/1729362721114-mernn.jpg
2024-10-21 15:33:02 info: GET /uploads/1729362721114-mernn.jpg
2024-10-21 15:33:03 info: GET /uploads/1729362721114-mernn.jpg
2024-10-21 15:33:05 info: GET /uploads/1729362721114-mernn.jpg
2024-10-21 15:33:16 info: GET /uploads/1729362721114-mernn.jpg
2024-10-21 15:33:18 info: GET /uploads/1729362721114-mernn.jpg
2024-10-21 15:33:20 info: GET /uploads/1729362721114-mernn.jpg
2024-10-21 15:33:21 info: GET /uploads/1729362721114-mernn.jpg
2024-10-21 15:33:34 info: POST /prefferedarticle
2024-10-21 15:33:34 info: POST /prefferedarticle
2024-10-21 15:34:54 info: GET /uploads/1729362721114-mernn.jpg
2024-10-21 15:34:57 info: GET /uploads/1729362721114-mernn.jpg
2024-10-21 15:35:03 info: GET /uploads/1729362721114-mernn.jpg
2024-10-21 15:35:05 info: GET /uploads/1729362721114-mernn.jpg
2024-10-21 15:35:09 info: GET /uploads/1729362721114-mernn.jpg
2024-10-21 16:04:56 info: GET /uploads/1729362721114-mernn.jpg
2024-10-21 16:05:37 info: GET /uploads/1729362721114-mernn.jpg
2024-10-21 16:05:40 info: GET /uploads/1729362721114-mernn.jpg
2024-10-21 16:05:46 info: GET /uploads/1729362721114-mernn.jpg
2024-10-21 16:05:51 info: GET /uploads/1729362721114-mernn.jpg
2024-10-21 16:05:55 info: GET /uploads/1729362721114-mernn.jpg
2024-10-21 16:05:58 info: POST /likearticle
2024-10-21 16:06:04 info: POST /dislikearticle
2024-10-21 16:07:23 info: POST /dislikearticle
2024-10-21 16:07:24 info: POST /dislikearticle
2024-10-21 16:07:25 info: POST /dislikearticle
2024-10-21 16:07:26 info: POST /dislikearticle
2024-10-21 16:07:26 info: POST /dislikearticle
2024-10-21 16:07:28 info: POST /likearticle
2024-10-21 16:07:28 info: POST /likearticle
2024-10-21 16:07:28 info: POST /likearticle
2024-10-21 16:07:29 info: POST /likearticle
2024-10-21 16:07:29 info: POST /likearticle
2024-10-21 16:07:29 info: POST /likearticle
2024-10-21 16:07:29 info: POST /likearticle
2024-10-21 16:07:29 info: POST /likearticle
2024-10-21 16:07:33 info: GET /uploads/1729362721114-mernn.jpg
2024-10-21 16:07:35 info: POST /likearticle
2024-10-21 16:08:52 info: GET /uploads/1729362721114-mernn.jpg
2024-10-21 16:08:53 info: GET /uploads/1729362721114-mernn.jpg
2024-10-21 16:08:55 info: GET /uploads/1729362721114-mernn.jpg
2024-10-21 16:08:59 info: GET /uploads/1729362721114-mernn.jpg
2024-10-21 16:09:03 info: POST /likearticle
2024-10-21 16:09:05 info: GET /uploads/1729362721114-mernn.jpg
2024-10-21 16:09:16 info: GET /uploads/1729362721114-mernn.jpg
2024-10-21 16:09:17 info: GET /uploads/1729362721114-mernn.jpg
2024-10-21 16:09:21 info: GET /uploads/1729362721114-mernn.jpg
2024-10-21 16:09:24 info: GET /uploads/1729362721114-mernn.jpg
2024-10-21 16:09:28 info: POST /likearticle
2024-10-21 16:09:29 info: GET /uploads/1729362721114-mernn.jpg
2024-10-21 16:09:33 info: GET /uploads/1729362721114-mernn.jpg
2024-10-21 16:09:35 info: POST /prefferedarticle
2024-10-21 16:09:35 info: POST /prefferedarticle
2024-10-21 16:09:35 info: GET /uploads/1729362721114-mernn.jpg
2024-10-21 16:09:39 info: POST /likearticle
2024-10-21 16:12:41 info: GET /uploads/1729362721114-mernn.jpg
2024-10-21 16:12:46 info: POST /likearticle
2024-10-21 16:12:48 info: POST /dislikearticle
2024-10-21 16:12:49 info: POST /dislikearticle
2024-10-21 16:12:50 info: POST /dislikearticle
2024-10-21 16:12:53 info: POST /dislikearticle
2024-10-21 16:12:55 info: POST /likearticle
2024-10-21 16:13:00 info: GET /uploads/1729362721114-mernn.jpg
2024-10-21 16:13:20 info: POST /likearticle
2024-10-21 16:13:21 info: POST /dislikearticle
2024-10-21 16:13:29 info: POST /dislikearticle
2024-10-21 16:13:30 info: POST /likearticle
2024-10-21 16:13:32 info: POST /article/6713fb2134ead450c1ad3be0/block
2024-10-21 16:13:51 info: GET /uploads/1729362721114-mernn.jpg
2024-10-21 16:14:05 info: GET /uploads/1729362721114-mernn.jpg
2024-10-21 16:14:07 info: GET /uploads/1729362721114-mernn.jpg
2024-10-21 16:14:11 info: GET /uploads/1729362721114-mernn.jpg
2024-10-21 16:17:08 info: POST /bloarticle
2024-10-21 16:17:14 info: POST /bloarticle
2024-10-21 16:17:26 info: GET /uploads/1729362721114-mernn.jpg
2024-10-21 16:17:29 info: POST /blockarticle
2024-10-21 16:17:43 info: GET /uploads/1729362721114-mernn.jpg
2024-10-21 16:19:02 info: GET /uploads/1729362721114-mernn.jpg
2024-10-21 16:19:07 info: GET /uploads/1729362721114-mernn.jpg
2024-10-21 16:19:08 info: GET /uploads/1729362721114-mernn.jpg
2024-10-21 16:19:10 info: GET /uploads/1729362721114-mernn.jpg
2024-10-21 16:19:13 info: GET /uploads/1729362721114-mernn.jpg
2024-10-21 16:19:16 info: GET /uploads/1729362721114-mernn.jpg
2024-10-21 16:19:16 info: GET /uploads/1729362721114-mernn.jpg
2024-10-21 16:19:23 info: POST /prefferedarticle
2024-10-21 16:19:23 info: POST /prefferedarticle
2024-10-21 16:19:23 info: GET /uploads/1729362721114-mernn.jpg
2024-10-21 16:19:47 info: POST /blockarticle
2024-10-21 16:24:28 info: GET /uploads/1729362721114-mernn.jpg
2024-10-21 16:26:20 info: GET /uploads/1729362721114-mernn.jpg
2024-10-21 16:26:23 info: GET /uploads/1729362721114-mernn.jpg
2024-10-21 16:26:24 info: GET /uploads/1729362721114-mernn.jpg
2024-10-21 16:26:29 info: GET /uploads/1729362721114-mernn.jpg
2024-10-21 16:26:32 info: GET /uploads/1729362721114-mernn.jpg
2024-10-21 16:27:00 info: GET /uploads/1729362721114-mernn.jpg
2024-10-21 16:27:28 info: GET /uploads/1729362721114-mernn.jpg
2024-10-21 16:27:33 info: POST /blockarticle
2024-10-21 16:29:11 info: GET /uploads/1729362721114-mernn.jpg
2024-10-21 16:31:10 info: GET /uploads/1729362721114-mernn.jpg
2024-10-21 16:31:19 info: POST /blockarticle
2024-10-21 16:32:30 info: GET /uploads/1729362721114-mernn.jpg
2024-10-21 16:32:37 info: GET /uploads/1729362721114-mernn.jpg
2024-10-21 16:32:38 info: GET /uploads/1729362721114-mernn.jpg
2024-10-21 16:32:46 info: GET /uploads/1729362721114-mernn.jpg
2024-10-21 16:32:48 info: GET /uploads/1729362721114-mernn.jpg
2024-10-21 16:32:50 info: GET /uploads/1729362721114-mernn.jpg
2024-10-21 16:33:29 info: POST /blockarticle
2024-10-21 16:34:51 info: GET /uploads/1729362721114-mernn.jpg
2024-10-21 16:34:58 info: POST /blockarticle
2024-10-21 16:35:10 info: GET /uploads/1729362721114-mernn.jpg
2024-10-21 16:35:18 info: POST /blockarticle
2024-10-21 16:35:40 info: GET /uploads/1729362721114-mernn.jpg
2024-10-21 16:35:49 info: GET /uploads/1729362721114-mernn.jpg
2024-10-21 16:37:11 info: GET /uploads/1729362721114-mernn.jpg
2024-10-21 16:37:14 info: GET /uploads/1729362721114-mernn.jpg
2024-10-21 16:37:18 info: GET /uploads/1729362721114-mernn.jpg
2024-10-21 16:37:20 info: GET /uploads/1729362721114-mernn.jpg
2024-10-21 16:37:22 info: GET /uploads/1729362721114-mernn.jpg
2024-10-21 16:37:29 info: GET /uploads/1729362721114-mernn.jpg
2024-10-21 16:37:32 info: GET /uploads/1729362721114-mernn.jpg
2024-10-21 16:37:35 info: GET /uploads/1729362721114-mernn.jpg
2024-10-21 16:37:37 info: GET /uploads/1729362721114-mernn.jpg
2024-10-21 16:37:41 info: GET /uploads/1729362721114-mernn.jpg
2024-10-21 16:37:44 info: GET /uploads/1729362721114-mernn.jpg
2024-10-21 16:37:47 info: GET /uploads/1729362721114-mernn.jpg
2024-10-21 16:37:50 info: GET /uploads/1729362721114-mernn.jpg
2024-10-21 16:37:52 info: GET /uploads/1729362721114-mernn.jpg
2024-10-21 16:37:54 info: GET /uploads/1729362721114-mernn.jpg
2024-10-21 16:37:58 info: GET /uploads/1729362721114-mernn.jpg
2024-10-21 16:38:01 info: GET /uploads/1729362721114-mernn.jpg
2024-10-21 16:38:03 info: GET /uploads/1729362721114-mernn.jpg
2024-10-21 16:38:08 info: GET /uploads/1729362721114-mernn.jpg
2024-10-21 16:38:10 info: GET /uploads/1729362721114-mernn.jpg
2024-10-21 16:38:15 info: GET /uploads/1729362721114-mernn.jpg
2024-10-21 16:38:17 info: GET /uploads/1729362721114-mernn.jpg
2024-10-21 16:39:24 info: GET /uploads/1729362721114-mernn.jpg
2024-10-21 16:39:26 info: GET /uploads/1729362721114-mernn.jpg
2024-10-21 16:39:28 info: GET /uploads/1729362721114-mernn.jpg
2024-10-21 16:40:37 info: POST /prefferedarticle
2024-10-21 16:40:37 info: POST /prefferedarticle
2024-10-21 16:40:38 info: GET /uploads/1729362721114-mernn.jpg
2024-10-21 16:40:39 info: POST /prefferedarticle
2024-10-21 16:40:39 info: POST /prefferedarticle
2024-10-21 16:40:39 info: GET /uploads/1729362721114-mernn.jpg
2024-10-21 16:41:32 info: POST /prefferedarticle
2024-10-21 16:41:32 info: POST /prefferedarticle
2024-10-21 16:41:32 info: GET /uploads/1729362721114-mernn.jpg
2024-10-21 16:41:53 info: POST /prefferedarticle
2024-10-21 16:41:53 info: POST /prefferedarticle
2024-10-21 16:41:54 info: POST /prefferedarticle
2024-10-21 16:41:54 info: POST /prefferedarticle
2024-10-21 16:41:56 info: POST /prefferedarticle
2024-10-21 16:41:56 info: POST /prefferedarticle
2024-10-21 16:41:57 info: GET /uploads/1729362721114-mernn.jpg
2024-10-21 16:42:04 info: POST /blockarticle
2024-10-21 16:42:08 info: GET /uploads/1729362721114-mernn.jpg
2024-10-21 16:42:46 info: GET /uploads/1729362721114-mernn.jpg
2024-10-21 16:42:50 info: POST /blockarticle
2024-10-21 16:42:55 info: POST /prefferedarticle
2024-10-21 16:42:55 info: POST /prefferedarticle
2024-10-21 16:42:55 info: GET /uploads/1729362721114-mernn.jpg
2024-10-21 16:43:28 info: POST /prefferedarticle
2024-10-21 16:43:28 info: POST /prefferedarticle
2024-10-21 16:43:28 info: GET /uploads/1729362721114-mernn.jpg
2024-10-21 16:44:05 info: POST /prefferedarticle
2024-10-21 16:44:05 info: POST /prefferedarticle
2024-10-21 16:44:05 info: GET /uploads/1729362721114-mernn.jpg
2024-10-21 16:44:08 info: POST /prefferedarticle
2024-10-21 16:44:08 info: POST /prefferedarticle
2024-10-21 16:44:10 info: POST /prefferedarticle
2024-10-21 16:44:10 info: POST /prefferedarticle
2024-10-21 16:44:10 info: GET /uploads/1729362721114-mernn.jpg
2024-10-21 16:44:16 info: POST /prefferedarticle
2024-10-21 16:44:16 info: POST /prefferedarticle
2024-10-21 16:44:19 info: GET /articles
2024-10-21 16:44:19 info: GET /articles
2024-10-21 16:44:26 info: PUT /editprofile
2024-10-21 16:44:30 info: POST /prefferedarticle
2024-10-21 16:44:30 info: POST /prefferedarticle
2024-10-21 16:44:30 info: GET /uploads/1729362721114-mernn.jpg
2024-10-21 16:44:37 info: POST /prefferedarticle
2024-10-21 16:44:37 info: POST /prefferedarticle
2024-10-21 16:44:37 info: GET /uploads/1729362721114-mernn.jpg
2024-10-21 16:44:45 info: GET /articles
2024-10-21 16:44:45 info: GET /articles
2024-10-21 16:45:31 info: GET /userarticles
2024-10-21 16:45:34 info: POST /userarticles
2024-10-21 16:45:37 info: POST /userarticles
2024-10-21 16:45:38 info: POST /userarticles
2024-10-21 16:45:50 info: POST /userarticles
2024-10-21 16:45:58 info: POST /userarticles
2024-10-21 16:46:22 info: POST /userarticles
2024-10-21 16:49:20 info: POST /userarticles
2024-10-21 16:49:20 info: POST /userarticles
2024-10-21 16:49:55 info: POST /userarticles
2024-10-21 16:49:55 info: POST /userarticles
2024-10-21 16:51:06 info: POST /userarticles
2024-10-21 16:51:07 info: POST /userarticles
2024-10-21 16:51:08 info: POST /userarticles
2024-10-21 16:51:09 info: POST /userarticles
2024-10-21 16:51:19 info: POST /userarticles
2024-10-21 16:51:21 info: POST /userarticles
2024-10-21 16:51:22 info: POST /userarticles
2024-10-21 16:51:23 info: POST /userarticles
2024-10-21 16:51:24 info: POST /userarticles
2024-10-21 16:51:26 info: POST /userarticles
2024-10-21 16:51:26 info: POST /userarticles
2024-10-21 16:51:27 info: POST /userarticles
2024-10-21 16:51:27 info: POST /userarticles
2024-10-21 16:51:28 info: POST /userarticles
2024-10-21 16:51:28 info: POST /userarticles
2024-10-21 16:51:34 info: POST /userarticles
2024-10-21 16:51:34 info: POST /userarticles
2024-10-21 16:53:02 info: POST /userarticles
2024-10-21 16:53:02 info: POST /userarticles
2024-10-21 16:53:16 info: POST /userarticles
2024-10-21 16:53:16 info: POST /userarticles
2024-10-21 16:53:24 info: POST /api/auth/likePost/67160a9146b948645473e28f
2024-10-21 16:53:37 info: POST /userarticles
2024-10-21 16:53:37 info: POST /userarticles
2024-10-21 16:53:38 info: POST /userarticles
2024-10-21 16:53:38 info: POST /userarticles
2024-10-21 16:53:40 info: POST /userarticles
2024-10-21 16:53:40 info: POST /userarticles
2024-10-21 16:53:41 info: POST /userarticles
2024-10-21 16:53:41 info: POST /userarticles
2024-10-21 16:53:57 info: POST /userarticles
2024-10-21 16:53:57 info: POST /userarticles
2024-10-21 16:56:25 info: POST /userarticles
2024-10-21 16:56:26 info: POST /userarticles
2024-10-21 16:56:53 info: POST /userarticles
2024-10-21 16:56:53 info: POST /userarticles
2024-10-21 17:00:25 info: POST /prefferedarticle
2024-10-21 17:00:25 info: POST /prefferedarticle
2024-10-21 17:00:25 info: GET /uploads/1729362721114-mernn.jpg
2024-10-21 17:00:30 info: POST /userarticles
2024-10-21 17:00:30 info: POST /userarticles
2024-10-21 17:00:36 info: POST /userarticles
2024-10-21 17:00:36 info: POST /userarticles
2024-10-21 17:01:25 info: POST /userarticles
2024-10-21 17:01:25 info: POST /userarticles
2024-10-21 17:01:29 info: POST /userarticles
2024-10-21 17:01:29 info: POST /userarticles
2024-10-21 17:01:31 info: POST /userarticles
2024-10-21 17:01:31 info: POST /userarticles
2024-10-21 17:01:33 info: POST /userarticles
2024-10-21 17:01:33 info: POST /userarticles
2024-10-21 17:01:34 info: POST /userarticles
2024-10-21 17:01:34 info: POST /userarticles
2024-10-21 17:01:35 info: POST /userarticles
2024-10-21 17:01:35 info: POST /userarticles
2024-10-21 17:01:36 info: POST /userarticles
2024-10-21 17:01:36 info: POST /userarticles
2024-10-21 17:01:40 info: POST /userarticles
2024-10-21 17:01:40 info: POST /userarticles
2024-10-21 17:01:43 info: POST /userarticles
2024-10-21 17:01:43 info: POST /userarticles
2024-10-21 17:01:47 info: POST /userarticles
2024-10-21 17:01:47 info: POST /userarticles
2024-10-21 17:01:52 info: POST /userarticles
2024-10-21 17:01:52 info: POST /userarticles
2024-10-21 17:01:53 info: POST /userarticles
2024-10-21 17:01:53 info: POST /userarticles
2024-10-21 17:01:55 info: POST /userarticles
2024-10-21 17:01:55 info: POST /userarticles
2024-10-21 17:02:01 info: GET /uploads/1729497745934-mernn.jpg
2024-10-21 17:02:36 info: GET /uploads/1729497745934-mernn.jpg
2024-10-21 17:02:40 info: POST /userarticles
2024-10-21 17:02:40 info: POST /userarticles
2024-10-21 17:03:00 info: GET /uploads/1729497745934-mernn.jpg
2024-10-21 17:03:06 info: GET /uploads/1729497745934-mernn.jpg
2024-10-21 17:03:14 info: POST /userarticles
2024-10-21 17:03:14 info: POST /userarticles
2024-10-21 17:03:17 info: POST /userarticles
2024-10-21 17:03:17 info: POST /userarticles
2024-10-21 17:03:19 info: GET /uploads/1729362721114-mernn.jpg
2024-10-21 17:03:21 info: POST /userarticles
2024-10-21 17:03:21 info: POST /userarticles
2024-10-21 17:03:22 info: POST /prefferedarticle
2024-10-21 17:03:22 info: POST /prefferedarticle
2024-10-21 17:03:22 info: GET /uploads/1729362721114-mernn.jpg
2024-10-21 17:03:28 info: POST /prefferedarticle
2024-10-21 17:03:28 info: POST /prefferedarticle
2024-10-21 17:03:28 info: GET /uploads/1729362721114-mernn.jpg
2024-10-21 17:04:28 info: POST /prefferedarticle
2024-10-21 17:04:28 info: POST /prefferedarticle
2024-10-21 17:04:38 info: POST /prefferedarticle
2024-10-21 17:04:38 info: POST /prefferedarticle
2024-10-21 17:04:50 info: POST /prefferedarticle
2024-10-21 17:04:50 info: POST /prefferedarticle
2024-10-21 17:05:14 info: POST /prefferedarticle
2024-10-21 17:05:14 info: POST /prefferedarticle
2024-10-21 17:05:20 info: POST /prefferedarticle
2024-10-21 17:05:20 info: POST /prefferedarticle
2024-10-21 17:05:21 info: POST /prefferedarticle
2024-10-21 17:05:21 info: POST /prefferedarticle
2024-10-21 17:05:30 info: POST /prefferedarticle
2024-10-21 17:05:30 info: POST /prefferedarticle
2024-10-21 17:05:34 info: POST /prefferedarticle
2024-10-21 17:05:34 info: POST /prefferedarticle
2024-10-21 17:05:38 info: POST /prefferedarticle
2024-10-21 17:05:38 info: POST /prefferedarticle
2024-10-21 17:05:42 info: POST /prefferedarticle
2024-10-21 17:05:42 info: POST /prefferedarticle
2024-10-21 17:05:43 info: POST /prefferedarticle
2024-10-21 17:05:43 info: POST /prefferedarticle
2024-10-21 17:05:45 info: POST /prefferedarticle
2024-10-21 17:05:45 info: POST /prefferedarticle
2024-10-21 17:05:47 info: POST /prefferedarticle
2024-10-21 17:05:47 info: POST /prefferedarticle
2024-10-21 17:05:48 info: POST /prefferedarticle
2024-10-21 17:05:48 info: POST /prefferedarticle
2024-10-21 17:06:00 info: POST /prefferedarticle
2024-10-21 17:06:00 info: POST /prefferedarticle
2024-10-21 17:06:08 info: POST /prefferedarticle
2024-10-21 17:06:08 info: POST /prefferedarticle
2024-10-21 17:06:13 info: POST /prefferedarticle
2024-10-21 17:06:13 info: POST /prefferedarticle
2024-10-21 17:06:20 info: POST /prefferedarticle
2024-10-21 17:06:20 info: POST /prefferedarticle
2024-10-21 17:06:27 info: POST /prefferedarticle
2024-10-21 17:06:27 info: POST /prefferedarticle
2024-10-21 17:06:28 info: GET /uploads/1729362721114-mernn.jpg
2024-10-21 17:06:42 info: POST /userarticles
2024-10-21 17:06:42 info: POST /userarticles
2024-10-21 17:06:45 info: POST /userarticles
2024-10-21 17:06:45 info: POST /userarticles
2024-10-21 17:06:51 info: POST /userarticles
2024-10-21 17:06:51 info: POST /userarticles
2024-10-21 17:06:55 info: POST /userarticles
2024-10-21 17:06:55 info: POST /userarticles
2024-10-21 17:06:59 info: POST /userarticles
2024-10-21 17:06:59 info: POST /userarticles
2024-10-21 17:07:16 info: POST /userarticles
2024-10-21 17:07:24 info: POST /userarticles
2024-10-21 17:07:25 info: POST /userarticles
2024-10-21 17:07:26 info: POST /userarticles
2024-10-21 17:08:02 info: POST /userarticles
2024-10-21 17:08:02 info: POST /userarticles
2024-10-21 17:08:08 info: GET /uploads/1729497745934-mernn.jpg
2024-10-21 17:08:10 info: POST /userarticles
2024-10-21 17:08:10 info: POST /userarticles
2024-10-21 17:08:12 info: GET /uploads/1729362721114-mernn.jpg
2024-10-21 17:08:14 info: POST /userarticles
2024-10-21 17:08:14 info: POST /userarticles
2024-10-21 17:08:54 info: POST /userarticles
2024-10-21 17:08:58 info: POST /userarticles
2024-10-21 17:09:05 info: POST /userarticles
2024-10-21 17:09:07 info: POST /userarticles
2024-10-21 17:09:16 info: POST /userarticles
2024-10-21 17:09:31 info: POST /userarticles
2024-10-21 17:09:37 info: POST /userarticles
2024-10-21 17:09:38 info: POST /userarticles
2024-10-21 17:09:40 info: POST /userarticles
2024-10-21 17:09:41 info: POST /userarticles
2024-10-21 17:09:44 info: POST /userarticles
2024-10-21 17:09:45 info: POST /userarticles
2024-10-21 17:09:47 info: POST /userarticles
2024-10-21 17:09:48 info: POST /userarticles
2024-10-21 17:09:49 info: POST /userarticles
2024-10-21 17:09:52 info: POST /userarticles
2024-10-21 17:09:54 info: POST /userarticles
2024-10-21 17:09:56 info: POST /userarticles
2024-10-21 17:09:57 info: POST /userarticles
2024-10-21 17:09:59 info: POST /userarticles
2024-10-21 17:10:23 info: POST /userarticles
2024-10-21 17:10:27 info: POST /userarticles
2024-10-21 17:10:29 info: POST /userarticles
2024-10-21 17:10:30 info: POST /userarticles
2024-10-21 17:10:31 info: POST /userarticles
2024-10-21 17:10:32 info: POST /userarticles
2024-10-21 17:10:37 info: POST /userarticles
2024-10-21 17:10:38 info: POST /userarticles
2024-10-21 17:10:46 info: POST /userarticles
2024-10-21 17:10:47 info: POST /userarticles
2024-10-21 17:10:48 info: POST /userarticles
2024-10-21 17:10:54 info: POST /userarticles
2024-10-21 17:11:02 info: POST /userarticles
2024-10-21 17:11:03 info: POST /userarticles
2024-10-21 17:11:04 info: POST /userarticles
2024-10-21 17:11:20 info: POST /userarticles
2024-10-21 17:11:21 info: POST /userarticles
2024-10-21 17:11:35 info: POST /userarticles
2024-10-21 17:11:36 info: POST /userarticles
2024-10-21 17:11:37 info: POST /userarticles
2024-10-21 17:11:39 info: POST /userarticles
2024-10-21 17:11:41 info: POST /userarticles
2024-10-21 17:11:42 info: POST /userarticles
2024-10-21 17:11:43 info: POST /userarticles
2024-10-21 17:11:44 info: POST /userarticles
2024-10-21 17:11:47 info: POST /userarticles
2024-10-21 17:11:49 info: POST /userarticles
2024-10-21 17:11:50 info: POST /userarticles
2024-10-21 17:11:51 info: POST /userarticles
2024-10-21 17:12:10 info: DELETE /deleteProduct/6713fb2134ead450c1ad3be0
2024-10-21 17:13:16 info: POST /userarticles
2024-10-21 17:14:46 info: POST /userarticles
2024-10-21 17:14:47 info: POST /userarticles
2024-10-21 17:14:49 info: POST /userarticles
2024-10-21 17:14:52 info: POST /userarticles
2024-10-21 17:14:57 info: POST /userarticles
2024-10-21 17:14:58 info: POST /userarticles
2024-10-21 17:14:59 info: POST /userarticles
2024-10-21 17:15:00 info: POST /userarticles
2024-10-21 17:15:03 info: POST /userarticles
2024-10-21 17:15:04 info: POST /userarticles
2024-10-21 17:15:08 info: POST /userarticles
2024-10-21 17:15:09 info: POST /userarticles
2024-10-21 17:15:28 info: POST /userarticles
2024-10-21 17:15:58 info: POST /userarticles
2024-10-21 17:16:09 info: POST /userarticles
2024-10-21 17:16:09 info: POST /userarticles
2024-10-21 17:16:14 info: POST /userarticles
2024-10-21 17:16:23 info: POST /userarticles
2024-10-21 17:16:23 info: POST /userarticles
2024-10-21 17:16:25 info: POST /userarticles
2024-10-21 17:16:25 info: POST /userarticles
2024-10-21 17:16:30 info: POST /userarticles
2024-10-21 17:16:30 info: POST /userarticles
2024-10-21 17:16:33 info: POST /userarticles
2024-10-21 17:16:55 info: POST /userarticles
2024-10-21 17:16:56 info: POST /userarticles
2024-10-21 17:16:57 info: POST /userarticles
2024-10-21 17:17:00 info: POST /userarticles
2024-10-21 17:17:01 info: POST /userarticles
2024-10-21 17:17:04 info: POST /userarticles
2024-10-21 17:17:14 info: POST /userarticles
2024-10-21 17:17:25 info: POST /userarticles
2024-10-21 17:17:27 info: POST /userarticles
2024-10-21 17:17:29 info: POST /userarticles
2024-10-21 17:17:32 info: POST /userarticles
2024-10-21 17:17:33 info: POST /userarticles
2024-10-21 17:18:12 info: POST /userarticles
2024-10-21 17:18:22 info: POST /userarticles
2024-10-21 17:18:24 info: POST /userarticles
2024-10-21 17:18:30 info: POST /userarticles
2024-10-21 17:18:38 info: POST /userarticles
2024-10-21 17:18:38 info: POST /userarticles
2024-10-21 17:18:46 info: DELETE /deleteProduct/6713fb2134ead450c1ad3be0
2024-10-21 17:19:28 info: DELETE /deleteProduct/6713fb2134ead450c1ad3be0
2024-10-21 17:19:35 info: POST /userarticles
2024-10-21 17:19:35 info: POST /userarticles
2024-10-21 17:19:41 info: DELETE /deleteProduct/6713fb2134ead450c1ad3be0
2024-10-21 17:20:05 info: POST /userarticles
2024-10-21 17:20:07 info: DELETE /deleteProduct/6713fb2134ead450c1ad3be0
2024-10-21 17:20:13 info: POST /userarticles
2024-10-21 17:20:13 info: POST /userarticles
2024-10-21 17:20:19 info: DELETE /deletearticle/6713fb2134ead450c1ad3be0
2024-10-21 17:23:03 info: DELETE /deletearticle/6713fb2134ead450c1ad3be0
2024-10-21 17:26:38 info: GET /logout
2024-10-21 17:26:46 info: POST /login
2024-10-21 17:26:59 info: POST /login
2024-10-21 17:27:00 info: POST /prefferedarticle
2024-10-21 17:27:00 info: POST /prefferedarticle
2024-10-21 17:27:02 info: POST /userarticles
2024-10-21 17:27:03 info: POST /userarticles
2024-10-21 17:27:07 info: DELETE /deletearticle/67160a9146b948645473e28f
2024-10-21 17:27:12 info: POST /userarticles
2024-10-21 17:27:12 info: POST /userarticles
2024-10-21 17:36:47 info: POST /writearticle
2024-10-21 17:36:50 info: POST /prefferedarticle
2024-10-21 17:36:50 info: POST /prefferedarticle
2024-10-21 17:37:01 info: POST /userarticles
2024-10-21 17:37:01 info: POST /userarticles
2024-10-21 17:37:10 info: DELETE /deletearticle/671643d791cd228d5b031a25
2024-10-21 17:37:14 info: POST /prefferedarticle
2024-10-21 17:37:14 info: POST /prefferedarticle
2024-10-21 17:37:16 info: POST /userarticles
2024-10-21 17:37:16 info: POST /userarticles
2024-10-21 17:38:32 info: POST /writearticle
2024-10-21 17:38:37 info: POST /userarticles
2024-10-21 17:38:37 info: POST /userarticles
2024-10-21 17:40:03 info: POST /writearticle
2024-10-21 17:40:05 info: POST /prefferedarticle
2024-10-21 17:40:05 info: POST /prefferedarticle
2024-10-21 17:40:05 info: GET /uploads/1729512512461-mernn.jpg
2024-10-21 17:40:05 info: GET /uploads/1729512603188-mernn.jpg
2024-10-21 17:40:18 info: POST /userarticles
2024-10-21 17:40:18 info: POST /userarticles
2024-10-21 17:40:24 info: POST /userarticles
2024-10-21 17:40:24 info: POST /userarticles
2024-10-21 17:41:59 info: POST /userarticles
2024-10-21 17:42:26 info: POST /userarticles
2024-10-21 17:42:26 info: POST /userarticles
2024-10-21 17:42:27 info: POST /userarticles
2024-10-21 17:42:32 info: POST /userarticles
2024-10-21 17:42:36 info: POST /userarticles
2024-10-21 17:43:01 info: POST /userarticles
2024-10-21 17:43:05 info: POST /userarticles
2024-10-21 17:43:06 info: POST /userarticles
2024-10-21 17:43:07 info: POST /userarticles
2024-10-21 17:43:11 info: POST /userarticles
2024-10-21 17:43:14 info: POST /userarticles
2024-10-21 17:43:15 info: POST /userarticles
2024-10-21 17:43:19 info: POST /userarticles
2024-10-21 17:43:23 info: POST /userarticles
2024-10-21 17:43:26 info: POST /userarticles
2024-10-21 17:43:35 info: POST /userarticles
2024-10-21 17:43:35 info: POST /userarticles
2024-10-21 17:49:05 info: GET /uploads/1729512603188-mernn.jpg
2024-10-21 17:49:08 info: POST /userarticles
2024-10-21 17:49:08 info: POST /userarticles
2024-10-21 17:49:34 info: POST /editarticles
2024-10-21 17:49:52 info: POST /userarticles
2024-10-21 17:50:06 info: POST /userarticles
2024-10-21 17:50:07 info: POST /userarticles
2024-10-21 17:57:05 info: POST /userarticles
2024-10-21 17:57:05 info: POST /userarticles
2024-10-21 17:57:49 info: GET /uploads/1729512512461-mernn.jpg
2024-10-21 18:18:49 info: POST /userarticles
2024-10-21 18:18:49 info: POST /userarticles
2024-10-21 18:18:54 info: GET /uploads/1729512603188-mernn.jpg
2024-10-21 18:27:52 info: POST /userarticles
2024-10-21 18:27:52 info: POST /userarticles
2024-10-21 18:27:59 info: GET /uploads/1729512512461-mernn.jpg
2024-10-21 18:30:19 info: POST /userarticles
2024-10-21 18:30:19 info: POST /userarticles
2024-10-21 18:30:26 info: GET /uploads/1729512603188-mernn.jpg
2024-10-21 18:32:09 info: POST /userarticles
2024-10-21 18:32:14 info: POST /userarticles
2024-10-21 18:34:04 info: PUT /editarticles
2024-10-21 18:34:13 info: POST /userarticles
2024-10-21 18:34:13 info: POST /userarticles
2024-10-21 18:34:17 info: GET /uploads/1729512512461-mernn.jpg
2024-10-21 18:34:23 info: PUT /editarticles
2024-10-21 18:45:51 info: PUT /editarticles
2024-10-21 18:45:58 info: POST /userarticles
2024-10-21 18:45:58 info: POST /userarticles
2024-10-21 18:46:06 info: PUT /editarticles
2024-10-21 18:46:15 info: POST /userarticles
2024-10-21 18:46:15 info: POST /userarticles
2024-10-21 18:46:18 info: GET /uploads/1729512512461-mernn.jpg
2024-10-21 18:46:25 info: PUT /editarticles
2024-10-21 18:46:56 info: POST /userarticles
2024-10-21 18:46:58 info: POST /userarticles
2024-10-21 18:46:59 info: POST /userarticles
2024-10-21 18:47:00 info: POST /userarticles
2024-10-21 18:47:01 info: POST /userarticles
2024-10-21 18:47:02 info: POST /userarticles
2024-10-21 18:47:06 info: POST /userarticles
2024-10-21 18:47:07 info: POST /userarticles
2024-10-21 18:47:10 info: POST /userarticles
2024-10-21 18:47:11 info: POST /userarticles
2024-10-21 18:47:23 info: PUT /editarticles
2024-10-21 18:47:41 info: POST /userarticles
2024-10-21 18:47:45 info: POST /userarticles
2024-10-21 18:47:45 info: POST /userarticles
2024-10-21 18:47:48 info: GET /uploads/1729512512461-mernn.jpg
2024-10-21 18:47:59 info: PUT /editarticle
2024-10-21 18:54:31 info: PUT /editarticle
2024-10-21 18:56:47 info: POST /userarticles
2024-10-21 18:57:06 info: PUT /editarticle
2024-10-21 18:57:17 info: POST /userarticles
2024-10-21 18:57:26 info: POST /userarticles
2024-10-21 18:58:01 info: PUT /editarticle
2024-10-21 18:58:15 info: PUT /editarticle
2024-10-21 18:58:23 info: POST /userarticles
2024-10-21 18:58:23 info: POST /userarticles
2024-10-21 18:59:10 info: POST /userarticles
2024-10-21 18:59:18 info: POST /userarticles
2024-10-21 18:59:20 info: POST /userarticles
2024-10-21 18:59:21 info: POST /userarticles
2024-10-21 18:59:23 info: POST /userarticles
2024-10-21 18:59:25 info: POST /userarticles
2024-10-21 19:01:22 info: POST /userarticles
2024-10-21 19:01:26 info: POST /userarticles
2024-10-21 19:01:35 info: POST /userarticles
2024-10-21 19:01:38 info: POST /userarticles
2024-10-21 19:01:39 info: POST /userarticles
2024-10-21 19:01:51 info: PUT /editarticle
2024-10-21 19:12:41 info: POST /prefferedarticle
2024-10-21 19:12:41 info: POST /prefferedarticle
2024-10-21 19:12:41 info: GET /uploads/1729512512461-mernn.jpg
2024-10-21 19:12:41 info: GET /uploads/1729512603188-mernn.jpg
2024-10-21 19:13:42 info: POST /prefferedarticle
2024-10-21 19:13:42 info: POST /prefferedarticle
2024-10-21 19:14:07 info: POST /prefferedarticle
2024-10-21 19:14:07 info: POST /prefferedarticle
2024-10-21 19:14:18 info: POST /prefferedarticle
2024-10-21 19:14:18 info: POST /prefferedarticle
2024-10-21 19:14:28 info: GET /logout
