2024-10-19 00:02:47 info: Server is running on port 8080
2024-10-19 00:03:04 info: Server is running on port 8080
2024-10-19 09:26:29 info: Server is running on port 8080
2024-10-19 09:27:00 info: Server is running on port 8080
2024-10-19 09:27:16 info: Server is running on port 8080
2024-10-19 09:31:20 info: Server is running on port 8080
2024-10-19 09:31:33 info: Server is running on port 8080
2024-10-19 09:31:44 info: Server is running on port 8080
2024-10-19 09:31:54 info: Server is running on port 8080
2024-10-19 09:31:59 info: Server is running on port 8080
2024-10-19 09:32:33 info: Server is running on port 8080
2024-10-19 09:33:21 info: Server is running on port 8080
2024-10-19 09:33:28 info: Server is running on port 8080
2024-10-19 09:33:32 info: Server is running on port 8080
2024-10-19 09:33:36 info: Server is running on port 8080
2024-10-19 09:33:48 info: Server is running on port 8080
2024-10-19 09:34:17 info: Server is running on port 8080
2024-10-19 09:34:52 info: Server is running on port 8080
2024-10-19 09:36:19 info: Server is running on port 8080
2024-10-19 09:36:28 info: Server is running on port 8080
2024-10-19 09:38:23 info: Server is running on port 8080
2024-10-19 09:40:32 info: Server is running on port 8080
2024-10-19 12:59:02 info: POST /register
2024-10-19 12:59:26 info: POST /register
2024-10-19 13:03:42 info: POST /register
2024-10-19 13:05:36 info: POST /register
2024-10-19 13:06:26 info: POST /register
2024-10-19 13:29:05 info: POST /register
2024-10-19 13:30:04 info: POST /register
2024-10-19 13:46:15 info: POST /register
2024-10-19 13:47:20 info: POST /register
2024-10-19 13:48:18 info: POST /register
2024-10-19 13:51:57 info: POST /register
2024-10-19 13:55:07 info: POST /register
2024-10-19 14:15:34 info: POST /register
2024-10-19 14:40:52 info: POST /register
2024-10-19 14:42:59 info: POST /register
2024-10-19 14:45:30 info: POST /register
2024-10-19 14:46:58 info: POST /register
2024-10-19 14:50:24 info: POST /register
2024-10-19 15:07:04 info: GET /logout
2024-10-19 15:34:39 info: POST /login
2024-10-19 15:34:53 info: GET /logout
2024-10-19 15:38:27 info: POST /login
2024-10-19 15:42:19 info: GET /logout
2024-10-19 15:43:59 info: POST /login
2024-10-19 16:04:45 info: GET /api/auth/posts
2024-10-19 16:04:45 info: GET /api/auth/products
2024-10-19 16:05:05 info: GET /api/auth/posts
2024-10-19 16:05:05 info: GET /api/auth/products
2024-10-19 16:05:10 info: GET /api/auth/posts
2024-10-19 16:05:10 info: GET /api/auth/products
2024-10-19 16:05:12 info: GET /api/auth/posts
2024-10-19 16:05:12 info: GET /api/auth/products
2024-10-19 16:05:15 info: GET /api/auth/posts
2024-10-19 16:05:15 info: GET /api/auth/products
2024-10-19 16:05:17 info: GET /api/auth/posts
2024-10-19 16:05:17 info: GET /api/auth/products
2024-10-19 16:05:37 info: GET /api/auth/posts
2024-10-19 16:05:37 info: GET /api/auth/products
2024-10-19 16:06:30 info: GET /api/auth/posts
2024-10-19 16:06:30 info: GET /api/auth/products
2024-10-19 16:06:36 info: GET /api/auth/posts
2024-10-19 16:06:42 info: GET /api/auth/posts
2024-10-19 16:06:42 info: GET /api/auth/posts
2024-10-19 16:06:50 info: GET /api/auth/posts
2024-10-19 16:06:51 info: GET /api/auth/posts
2024-10-19 16:07:11 info: GET /api/auth/posts
2024-10-19 16:07:31 info: GET /api/auth/posts
2024-10-19 16:07:43 info: GET /api/auth/posts
2024-10-19 16:07:46 info: GET /api/auth/posts
2024-10-19 16:07:47 info: GET /api/auth/posts
2024-10-19 16:07:48 info: GET /api/auth/posts
2024-10-19 16:08:08 info: GET /api/auth/posts
2024-10-19 16:08:09 info: GET /api/auth/posts
2024-10-19 16:08:19 info: GET /api/auth/posts
2024-10-19 16:08:20 info: GET /api/auth/posts
2024-10-19 16:08:28 info: GET /api/auth/posts
2024-10-19 16:08:29 info: GET /api/auth/posts
2024-10-19 16:08:31 info: GET /api/auth/posts
2024-10-19 16:08:51 info: GET /api/auth/posts
2024-10-19 16:09:11 info: GET /api/auth/posts
2024-10-19 16:09:13 info: GET /api/auth/posts
2024-10-19 16:09:15 info: GET /api/auth/posts
2024-10-19 16:09:17 info: GET /api/auth/posts
2024-10-19 16:09:19 info: GET /api/auth/posts
2024-10-19 16:09:26 info: GET /api/auth/posts
2024-10-19 16:09:29 info: GET /api/auth/posts
2024-10-19 16:09:29 info: GET /api/auth/posts
2024-10-19 16:09:31 info: GET /api/auth/posts
2024-10-19 16:09:34 info: GET /api/auth/posts
2024-10-19 16:09:35 info: GET /api/auth/posts
2024-10-19 16:09:36 info: GET /api/auth/posts
2024-10-19 16:09:37 info: GET /api/auth/posts
2024-10-19 16:09:38 info: GET /api/auth/posts
2024-10-19 16:09:40 info: GET /api/auth/posts
2024-10-19 16:09:40 info: GET /api/auth/posts
2024-10-19 16:09:41 info: GET /api/auth/posts
2024-10-19 16:09:42 info: GET /api/auth/posts
2024-10-19 16:09:48 info: GET /api/auth/posts
2024-10-19 16:09:49 info: GET /api/auth/posts
2024-10-19 16:09:54 info: GET /api/auth/posts
2024-10-19 16:09:58 info: GET /api/auth/posts
2024-10-19 16:09:58 info: GET /api/auth/posts
2024-10-19 16:10:18 info: GET /api/auth/posts
2024-10-19 16:10:32 info: GET /api/auth/posts
2024-10-19 16:10:34 info: GET /api/auth/posts
2024-10-19 16:10:37 info: GET /api/auth/posts
2024-10-19 16:10:37 info: GET /api/auth/posts
2024-10-19 16:10:41 info: GET /api/auth/posts
2024-10-19 16:10:46 info: GET /api/auth/posts
2024-10-19 16:10:47 info: GET /api/auth/posts
2024-10-19 16:10:48 info: GET /api/auth/posts
2024-10-19 16:10:50 info: GET /api/auth/posts
2024-10-19 16:11:10 info: GET /api/auth/posts
2024-10-19 16:14:07 info: GET /api/auth/posts
2024-10-19 16:14:27 info: GET /api/auth/posts
2024-10-19 16:14:45 info: GET /api/auth/posts
2024-10-19 16:14:45 info: GET /api/auth/posts
2024-10-19 16:17:29 info: GET /api/auth/posts
2024-10-19 16:50:50 info: GET /api/auth/posts
2024-10-19 16:51:10 info: GET /api/auth/posts
2024-10-19 16:56:25 info: GET /api/auth/posts
2024-10-19 16:56:45 info: GET /api/auth/posts
2024-10-19 16:57:00 info: GET /api/auth/posts
2024-10-19 16:57:00 info: GET /api/auth/posts
2024-10-19 16:57:21 info: GET /api/auth/posts
2024-10-19 16:57:22 info: GET /api/auth/posts
2024-10-19 16:58:05 info: GET /api/auth/posts
2024-10-19 16:58:05 info: GET /api/auth/posts
2024-10-19 16:58:20 info: GET /api/auth/posts
2024-10-19 16:58:44 info: GET /api/auth/posts
2024-10-19 16:59:05 info: GET /api/auth/posts
2024-10-19 16:59:08 info: GET /api/auth/posts
2024-10-19 16:59:10 info: GET /api/auth/posts
2024-10-19 16:59:11 info: GET /api/auth/posts
2024-10-19 16:59:12 info: GET /api/auth/posts
2024-10-19 17:00:24 info: GET /api/auth/posts
2024-10-19 17:00:25 info: GET /api/auth/posts
2024-10-19 17:00:28 info: GET /api/auth/posts
2024-10-19 17:00:30 info: GET /api/auth/posts
2024-10-19 17:00:31 info: GET /api/auth/posts
2024-10-19 17:00:32 info: GET /api/auth/posts
2024-10-19 17:00:55 info: GET /api/auth/posts
2024-10-19 17:14:39 info: GET /api/auth/posts
2024-10-19 17:14:59 info: GET /api/auth/posts
2024-10-19 17:15:57 info: GET /api/auth/posts
2024-10-19 17:16:27 info: GET /api/auth/posts
2024-10-19 17:18:07 info: GET /api/auth/posts
2024-10-19 17:21:29 info: GET /api/auth/posts
2024-10-19 17:21:49 info: GET /api/auth/posts
2024-10-19 17:28:54 info: GET /api/auth/posts
2024-10-19 17:29:14 info: GET /api/auth/posts
2024-10-19 17:29:26 info: GET /api/auth/posts
2024-10-19 17:29:28 info: GET /api/auth/posts
2024-10-19 17:29:29 info: GET /api/auth/posts
2024-10-19 17:29:30 info: GET /api/auth/posts
2024-10-19 17:30:34 info: GET /api/auth/posts
2024-10-19 17:30:34 info: GET /api/auth/posts
2024-10-19 17:30:46 info: GET /api/auth/posts
2024-10-19 17:30:48 info: GET /api/auth/posts
2024-10-19 17:30:49 info: GET /api/auth/posts
2024-10-19 17:36:20 info: GET /api/auth/posts
2024-10-19 17:36:40 info: GET /api/auth/posts
2024-10-19 17:36:59 info: GET /api/auth/posts
2024-10-19 17:36:59 info: GET /api/auth/posts
2024-10-19 17:37:27 info: GET /api/auth/posts
2024-10-19 17:37:28 info: GET /api/auth/posts
2024-10-19 17:38:00 info: GET /api/auth/posts
2024-10-19 17:38:00 info: GET /api/auth/posts
2024-10-19 17:38:19 info: GET /api/auth/posts
2024-10-19 17:38:19 info: GET /api/auth/posts
2024-10-19 17:38:47 info: GET /api/auth/posts
2024-10-19 17:38:59 info: GET /api/auth/posts
2024-10-19 17:39:19 info: GET /api/auth/posts
2024-10-19 17:39:25 info: GET /api/auth/posts
2024-10-19 17:39:26 info: GET /api/auth/posts
2024-10-19 17:39:27 info: GET /api/auth/posts
2024-10-19 17:39:28 info: GET /api/auth/posts
2024-10-19 17:40:39 info: GET /api/auth/posts
2024-10-19 17:40:39 info: GET /api/auth/posts
2024-10-19 17:40:45 info: GET /api/auth/posts
2024-10-19 17:40:46 info: GET /api/auth/posts
2024-10-19 17:40:47 info: GET /api/auth/posts
2024-10-19 17:40:48 info: GET /api/auth/posts
2024-10-19 17:40:49 info: GET /api/auth/posts
2024-10-19 17:40:50 info: GET /api/auth/posts
2024-10-19 17:40:51 info: GET /api/auth/posts
2024-10-19 17:40:52 info: GET /api/auth/posts
2024-10-19 17:40:53 info: GET /api/auth/posts
2024-10-19 17:40:54 info: GET /api/auth/posts
2024-10-19 17:40:55 info: GET /api/auth/posts
2024-10-19 17:40:56 info: GET /api/auth/posts
2024-10-19 17:40:58 info: GET /api/auth/posts
2024-10-19 17:40:59 info: GET /api/auth/posts
2024-10-19 17:41:00 info: GET /api/auth/posts
2024-10-19 17:41:01 info: GET /api/auth/posts
2024-10-19 17:47:01 info: GET /api/auth/posts
2024-10-19 17:47:43 info: GET /api/auth/posts
2024-10-19 17:47:43 info: GET /api/auth/posts
2024-10-19 17:51:16 info: GET /api/auth/posts
2024-10-19 17:51:31 info: GET /api/auth/posts
2024-10-19 17:51:36 info: GET /api/auth/posts
2024-10-19 17:51:39 info: GET /api/auth/posts
2024-10-19 17:51:40 info: GET /api/auth/posts
2024-10-19 17:51:42 info: GET /api/auth/posts
2024-10-19 17:51:45 info: GET /api/auth/posts
2024-10-19 17:51:48 info: GET /api/auth/posts
2024-10-19 17:51:50 info: GET /api/auth/posts
2024-10-19 17:51:52 info: GET /api/auth/posts
2024-10-19 17:52:12 info: GET /api/auth/posts
2024-10-19 18:06:47 info: GET /api/auth/posts
2024-10-19 18:07:07 info: GET /api/auth/posts
2024-10-19 18:08:27 info: GET /api/auth/posts
2024-10-19 18:08:47 info: GET /api/auth/posts
2024-10-19 18:08:47 info: GET /api/auth/posts
2024-10-19 18:08:47 info: GET /api/auth/posts
2024-10-19 18:09:38 info: GET /api/auth/posts
2024-10-19 18:09:47 info: GET /api/auth/posts
2024-10-19 18:09:53 info: GET /api/auth/posts
2024-10-19 18:10:04 info: GET /api/auth/posts
2024-10-19 18:10:13 info: GET /api/auth/posts
2024-10-19 18:10:13 info: GET /api/auth/posts
2024-10-19 18:10:58 info: GET /api/auth/posts
2024-10-19 18:11:07 info: GET /api/auth/posts
2024-10-19 18:14:27 info: GET /api/auth/posts
2024-10-19 18:14:47 info: GET /api/auth/posts
2024-10-19 18:15:46 info: GET /api/auth/posts
2024-10-19 18:15:48 info: GET /api/auth/posts
2024-10-19 18:15:53 info: GET /api/auth/posts
2024-10-19 18:15:57 info: GET /api/auth/posts
2024-10-19 18:25:00 info: GET /api/auth/posts
2024-10-19 18:25:20 info: GET /api/auth/posts
2024-10-19 18:26:54 info: GET /api/auth/posts
2024-10-19 18:27:14 info: GET /api/auth/posts
2024-10-19 18:28:08 info: GET /api/auth/posts
2024-10-19 18:28:28 info: GET /api/auth/posts
2024-10-19 18:28:38 info: GET /api/auth/posts
2024-10-19 18:28:38 info: GET /api/auth/posts
2024-10-19 18:29:34 info: GET /api/auth/posts
2024-10-19 18:29:54 info: GET /api/auth/posts
2024-10-19 18:30:11 info: GET /api/auth/posts
2024-10-19 18:30:31 info: GET /api/auth/posts
2024-10-19 18:42:03 info: GET /api/auth/posts
2024-10-19 18:44:17 info: GET /api/auth/posts
2024-10-19 18:44:43 info: GET /api/auth/posts
2024-10-19 18:44:46 info: GET /api/auth/posts
2024-10-19 18:44:47 info: GET /api/auth/posts
2024-10-19 18:44:49 info: GET /api/auth/posts
2024-10-19 18:44:51 info: GET /api/auth/posts
2024-10-19 18:45:57 info: GET /api/auth/posts
2024-10-19 18:46:03 info: GET /api/auth/posts
2024-10-19 18:46:06 info: GET /api/auth/posts
2024-10-19 18:46:07 info: GET /api/auth/posts
2024-10-19 18:46:09 info: GET /api/auth/posts
2024-10-19 18:46:11 info: GET /api/auth/posts
2024-10-19 18:46:12 info: GET /api/auth/posts
2024-10-19 18:46:13 info: GET /api/auth/posts
2024-10-19 18:46:22 info: GET /api/auth/posts
2024-10-19 18:46:23 info: GET /api/auth/posts
2024-10-19 18:46:26 info: GET /api/auth/posts
2024-10-19 18:46:29 info: GET /api/auth/posts
2024-10-19 18:46:30 info: GET /api/auth/posts
2024-10-19 18:46:33 info: GET /api/auth/posts
2024-10-19 18:46:34 info: GET /api/auth/posts
2024-10-19 18:46:35 info: GET /api/auth/posts
2024-10-19 18:46:36 info: GET /api/auth/posts
2024-10-19 18:46:37 info: GET /api/auth/posts
2024-10-19 18:46:38 info: GET /api/auth/posts
2024-10-19 18:46:39 info: GET /api/auth/posts
2024-10-19 18:46:40 info: GET /api/auth/posts
2024-10-19 18:46:45 info: GET /api/auth/posts
2024-10-19 18:46:46 info: GET /api/auth/posts
2024-10-19 18:46:47 info: GET /api/auth/posts
2024-10-19 18:46:48 info: GET /api/auth/posts
2024-10-19 18:46:49 info: GET /api/auth/posts
2024-10-19 18:46:51 info: GET /api/auth/posts
2024-10-19 18:46:53 info: GET /api/auth/posts
2024-10-19 18:46:56 info: GET /api/auth/posts
2024-10-19 18:46:57 info: GET /api/auth/posts
2024-10-19 18:46:58 info: GET /api/auth/posts
2024-10-19 18:46:59 info: GET /api/auth/posts
2024-10-19 18:47:00 info: GET /api/auth/posts
2024-10-19 18:47:01 info: GET /api/auth/posts
2024-10-19 18:47:03 info: GET /api/auth/posts
2024-10-19 18:47:04 info: GET /api/auth/posts
2024-10-19 18:47:05 info: GET /api/auth/posts
2024-10-19 18:47:09 info: GET /api/auth/posts
2024-10-19 18:47:10 info: GET /api/auth/posts
2024-10-19 18:47:18 info: GET /api/auth/posts
2024-10-19 18:47:18 info: GET /api/auth/posts
2024-10-19 18:47:19 info: GET /api/auth/posts
2024-10-19 18:47:19 info: GET /api/auth/posts
2024-10-19 18:47:20 info: GET /api/auth/posts
2024-10-19 18:47:20 info: GET /api/auth/posts
2024-10-19 18:47:21 info: GET /api/auth/posts
2024-10-19 18:47:21 info: GET /api/auth/posts
2024-10-19 18:47:34 info: GET /api/auth/posts
2024-10-19 18:47:54 info: GET /api/auth/posts
2024-10-19 18:56:18 info: GET /api/auth/posts
2024-10-19 18:56:38 info: GET /api/auth/posts
2024-10-19 18:58:23 info: GET /api/auth/posts
2024-10-19 18:58:43 info: GET /api/auth/posts
2024-10-19 19:00:23 info: GET /api/auth/posts
2024-10-19 19:00:43 info: GET /api/auth/posts
2024-10-19 19:01:17 info: GET /api/auth/posts
2024-10-19 19:01:37 info: GET /api/auth/posts
2024-10-19 19:02:22 info: GET /api/auth/posts
2024-10-19 19:02:42 info: GET /api/auth/posts
2024-10-19 19:03:14 info: GET /api/aut/posts
2024-10-19 19:03:15 info: GET /a/posts
2024-10-19 19:03:16 info: GET /posts
2024-10-19 19:03:19 info: GET /a
2024-10-19 19:04:49 info: GET /articles
2024-10-19 19:05:09 info: GET /articles
2024-10-19 19:05:17 info: GET /articles
2024-10-19 19:05:18 info: GET /articles
2024-10-19 19:05:21 info: GET /articles
2024-10-19 19:05:22 info: GET /articles
2024-10-19 19:05:55 info: GET /articles
2024-10-19 19:06:08 info: GET /articles
2024-10-19 19:06:28 info: GET /articles
2024-10-19 19:07:56 info: GET /articles
2024-10-19 19:08:16 info: GET /articles
2024-10-19 19:13:07 info: GET /articles
2024-10-19 19:13:27 info: GET /articles
2024-10-19 19:20:08 info: GET /articles
2024-10-19 19:20:28 info: GET /articles
2024-10-19 19:26:32 info: GET /articles
2024-10-19 19:26:52 info: GET /articles
2024-10-19 19:27:12 info: GET /articles
2024-10-19 19:33:02 info: GET /articles
2024-10-19 19:33:22 info: GET /articles
2024-10-19 19:34:48 info: GET /articles
2024-10-19 19:34:56 info: PUT /editprofile
2024-10-19 19:35:08 info: GET /articles
2024-10-19 19:35:17 info: GET /articles
2024-10-19 19:35:35 info: PUT /editprofile
2024-10-19 19:35:37 info: GET /articles
2024-10-19 19:35:46 info: GET /articles
2024-10-19 19:36:06 info: GET /articles
2024-10-19 19:36:29 info: PUT /editprofile
2024-10-19 19:36:32 info: GET /articles
2024-10-19 19:36:33 info: GET /articles
2024-10-19 19:36:37 info: GET /logout
2024-10-19 19:36:53 info: POST /login
2024-10-19 19:36:53 info: GET /articles
2024-10-19 19:37:07 info: PUT /editprofile
2024-10-19 19:37:18 info: GET /articles
2024-10-19 19:37:18 info: GET /articles
2024-10-19 19:37:37 info: GET /articles
2024-10-19 19:37:57 info: GET /articles
2024-10-19 19:39:17 info: GET /articles
2024-10-19 19:39:37 info: GET /articles
2024-10-19 19:40:00 info: GET /articles
2024-10-19 19:40:00 info: GET /articles
2024-10-19 19:40:43 info: GET /articles
2024-10-19 19:40:43 info: GET /articles
2024-10-19 19:41:29 info: PUT /editprofile
2024-10-19 19:41:43 info: GET /articles
2024-10-19 19:41:51 info: PUT /editprofile
2024-10-19 19:41:58 info: GET /articles
2024-10-19 19:42:05 info: PUT /editprofile
2024-10-19 19:42:18 info: GET /articles
2024-10-19 19:43:12 info: PUT /editprofile
2024-10-19 19:44:16 info: GET /articles
2024-10-19 19:44:30 info: PUT /editprofile
2024-10-19 19:44:40 info: GET /articles
2024-10-19 19:44:44 info: PUT /editprofile
2024-10-19 19:46:22 info: PUT /editprofile
2024-10-19 19:47:27 info: GET /articles
2024-10-19 19:47:48 info: GET /articles
2024-10-19 19:49:38 info: GET /articles
2024-10-19 19:50:00 info: GET /articles
2024-10-19 19:50:01 info: GET /articles
2024-10-19 19:50:05 info: GET /articles
2024-10-19 19:50:06 info: GET /articles
2024-10-19 19:50:08 info: GET /articles
2024-10-19 19:51:18 info: GET /articles
2024-10-19 19:51:20 info: GET /articles
2024-10-19 19:51:21 info: GET /articles
2024-10-19 19:51:25 info: GET /articles
2024-10-19 19:51:26 info: GET /articles
2024-10-19 19:51:28 info: GET /articles
2024-10-19 19:51:29 info: GET /articles
2024-10-19 19:51:33 info: GET /articles
2024-10-19 19:51:35 info: GET /articles
2024-10-19 19:51:43 info: GET /articles
2024-10-19 19:51:45 info: GET /articles
2024-10-19 19:51:48 info: GET /articles
2024-10-19 19:51:52 info: GET /articles
2024-10-19 19:51:53 info: GET /articles
2024-10-19 19:51:56 info: GET /articles
2024-10-19 19:51:57 info: GET /articles
2024-10-19 19:51:58 info: GET /articles
2024-10-19 19:52:02 info: GET /articles
2024-10-19 19:52:03 info: GET /articles
2024-10-19 19:52:05 info: GET /articles
2024-10-19 19:52:06 info: GET /articles
2024-10-19 19:52:10 info: GET /articles
2024-10-19 19:52:13 info: GET /articles
2024-10-19 19:52:16 info: GET /articles
2024-10-19 19:52:17 info: GET /articles
2024-10-19 19:52:18 info: GET /articles
2024-10-19 19:52:19 info: GET /articles
2024-10-19 19:52:21 info: GET /articles
2024-10-19 19:52:23 info: GET /articles
2024-10-19 19:52:25 info: GET /articles
2024-10-19 19:52:26 info: GET /articles
2024-10-19 19:52:27 info: GET /articles
2024-10-19 19:52:28 info: GET /articles
2024-10-19 19:52:29 info: GET /articles
2024-10-19 19:52:30 info: GET /articles
2024-10-19 19:52:31 info: GET /articles
2024-10-19 19:52:32 info: GET /articles
2024-10-19 20:00:50 info: GET /articles
2024-10-19 20:01:11 info: GET /articles
2024-10-19 20:01:12 info: GET /articles
2024-10-19 20:01:13 info: GET /articles
2024-10-19 20:02:49 info: GET /articles
2024-10-19 20:03:11 info: GET /articles
2024-10-19 20:05:09 info: GET /articles
2024-10-19 20:05:29 info: GET /articles
2024-10-19 20:06:30 info: POST /changepassword
2024-10-19 20:06:41 info: GET /articles
2024-10-19 20:06:58 info: POST /changepassword
2024-10-19 20:07:01 info: GET /articles
2024-10-19 20:08:03 info: GET /articles
2024-10-19 20:08:21 info: GET /articles
2024-10-19 20:08:41 info: GET /articles
2024-10-19 20:08:41 info: GET /articles
2024-10-19 20:08:41 info: GET /articles
2024-10-19 20:08:41 info: GET /articles
2024-10-19 20:11:07 info: POST /changepassword
2024-10-19 20:11:13 info: GET /articles
2024-10-19 20:11:30 info: POST /changepassword
2024-10-19 20:11:33 info: GET /articles
2024-10-19 20:12:08 info: POST /changepassword
2024-10-19 20:13:17 info: POST /changepassword
2024-10-19 20:13:22 info: GET /articles
2024-10-19 20:13:42 info: GET /articles
2024-10-19 20:13:58 info: POST /changepassword
2024-10-19 20:14:14 info: POST /changepassword
2024-10-19 20:15:02 info: GET /articles
2024-10-19 20:15:27 info: GET /articles
2024-10-19 20:15:29 info: GET /articles
2024-10-19 20:15:30 info: GET /articles
2024-10-19 20:15:31 info: GET /articles
2024-10-19 20:15:32 info: GET /articles
2024-10-19 20:15:55 info: GET /articles
2024-10-19 20:15:55 info: GET /articles
2024-10-19 20:16:14 info: POST /changepassword
2024-10-19 20:16:15 info: GET /articles
2024-10-19 20:16:33 info: POST /changepassword
2024-10-19 20:17:26 info: GET /articles
2024-10-19 20:17:28 info: GET /articles
2024-10-19 20:17:35 info: GET /articles
2024-10-19 20:17:35 info: GET /articles
2024-10-19 20:17:55 info: GET /articles
2024-10-19 20:17:55 info: GET /articles
2024-10-19 20:18:46 info: GET /articles
2024-10-19 20:18:48 info: GET /articles
2024-10-19 20:18:55 info: GET /articles
2024-10-19 20:18:56 info: GET /articles
2024-10-19 20:18:58 info: GET /articles
2024-10-19 20:19:00 info: GET /articles
2024-10-19 20:19:01 info: GET /articles
2024-10-19 20:19:02 info: GET /articles
2024-10-19 20:19:03 info: GET /articles
2024-10-19 20:19:04 info: GET /articles
2024-10-19 20:19:16 info: GET /articles
2024-10-19 20:19:29 info: GET /articles
2024-10-19 20:19:44 info: POST /changepassword
2024-10-19 20:19:49 info: GET /articles
2024-10-19 20:20:00 info: POST /changepassword
2024-10-19 20:20:09 info: POST /changepassword
2024-10-19 20:20:28 info: POST /changepassword
2024-10-19 20:43:00 info: GET /articles
2024-10-19 20:43:20 info: GET /articles
2024-10-19 23:51:07 info: GET /articles
2024-10-19 23:51:07 info: GET /articles
2024-10-19 23:51:09 info: GET /articles
2024-10-19 23:51:09 info: GET /articles
2024-10-19 23:58:58 info: POST /writearticle
2024-10-19 23:59:56 info: POST /writearticle
